#
# There is insufficient memory for the Java Runtime Environment to continue.
# Native memory allocation (malloc) failed to allocate 702336 bytes for Chunk::new
# Possible reasons:
#   The system is out of physical RAM or swap space
#   The process is running with CompressedOops enabled, and the Java Heap may be blocking the growth of the native heap
# Possible solutions:
#   Reduce memory load on the system
#   Increase physical memory or swap space
#   Check if swap backing store is full
#   Decrease Java heap size (-Xmx/-Xms)
#   Decrease number of Java threads
#   Decrease Java thread stack sizes (-Xss)
#   Set larger code cache with -XX:ReservedCodeCacheSize=
#   JVM is running with Zero Based Compressed Oops mode in which the Java heap is
#     placed in the first 32GB address space. The Java Heap base address is the
#     maximum limit for the native heap growth. Please use -XX:HeapBaseMinAddress
#     to set the Java Heap base and to place the Java Heap above 32GB virtual address.
# This output file may be truncated or incomplete.
#
#  Out of Memory Error (allocation.cpp:389), pid=77788, tid=0x0000000000018908
#
# JRE version: Java(TM) SE Runtime Environment (8.0_251-b08) (build 1.8.0_251-b08)
# Java VM: Java HotSpot(TM) 64-Bit Server VM (25.251-b08 mixed mode windows-amd64 compressed oops)
# Failed to write core dump. Minidumps are not enabled by default on client versions of Windows
#

---------------  T H R E A D  ---------------

Current thread (0x000000001e244000):  JavaThread "C2 CompilerThread1" daemon [_thread_in_native, id=100616, stack(0x000000001e930000,0x000000001ea30000)]

Stack: [0x000000001e930000,0x000000001ea30000]
[error occurred during error reporting (printing stack bounds), id 0xc0000005]

Native frames: (J=compiled Java code, j=interpreted, Vv=VM code, C=native code)


Current CompileTask:
C2: 154641 14544   !   4       org.springframework.core.annotation.AnnotatedElementUtils::searchWithFindSemantics (774 bytes)


---------------  P R O C E S S  ---------------

Java Threads: ( => current thread )
  0x000000002497e000 JavaThread "scheduling-1" [_thread_blocked, id=90408, stack(0x00000000299f0000,0x0000000029af0000)]
  0x000000002497f000 JavaThread "SimplePauseDetectorThread_0" daemon [_thread_blocked, id=34080, stack(0x000000002c5c0000,0x000000002c6c0000)]
  0x0000000024980800 JavaThread "Thread-18" daemon [_thread_blocked, id=75064, stack(0x000000002bf30000,0x000000002c030000)]
  0x0000000024974800 JavaThread "HikariPool-3 housekeeper" daemon [_thread_blocked, id=93388, stack(0x000000002b2b0000,0x000000002b3b0000)]
  0x0000000024979000 JavaThread "scheduling-1" [_thread_blocked, id=91208, stack(0x000000002c4c0000,0x000000002c5c0000)]
  0x000000002497c000 JavaThread "SimplePauseDetectorThread_0" daemon [_thread_blocked, id=105032, stack(0x000000002c8c0000,0x000000002c9c0000)]
  0x000000002497b000 JavaThread "Thread-11" daemon [_thread_blocked, id=10972, stack(0x000000002c7c0000,0x000000002c8c0000)]
  0x0000000024976000 JavaThread "HikariPool-2 housekeeper" daemon [_thread_blocked, id=38508, stack(0x000000002b8b0000,0x000000002b9b0000)]
  0x0000000027c51800 JavaThread "scheduling-1" [_thread_blocked, id=90032, stack(0x000000002b9f0000,0x000000002baf0000)]
  0x0000000027c4e000 JavaThread "Statistics Thread-__DEFAULT__-1" daemon [_thread_blocked, id=36332, stack(0x0000000028400000,0x0000000028500000)]
  0x0000000027c4f800 JavaThread "user%0046eature%004cst.data" [_thread_blocked, id=56736, stack(0x000000002afb0000,0x000000002b0b0000)]
  0x0000000027c51000 JavaThread "__DEFAULT__" daemon [_thread_blocked, id=47592, stack(0x00000000010d0000,0x00000000011d0000)]
  0x0000000027c54800 JavaThread "SimplePauseDetectorThread_0" daemon [_thread_blocked, id=69120, stack(0x0000000027e70000,0x0000000027f70000)]
  0x0000000020ea7800 JavaThread "Thread-4" daemon [_thread_blocked, id=81964, stack(0x0000000024b10000,0x0000000024c10000)]
  0x0000000026432000 JavaThread "HikariPool-1 housekeeper" daemon [_thread_blocked, id=97944, stack(0x00000000238e0000,0x00000000239e0000)]
  0x000000001f674000 JavaThread "surefire-forkedjvm-command-thread" daemon [_thread_in_native, id=99000, stack(0x0000000020500000,0x0000000020600000)]
  0x000000001e2b7000 JavaThread "Service Thread" daemon [_thread_blocked, id=45000, stack(0x000000001eb30000,0x000000001ec30000)]
  0x000000001e24a000 JavaThread "C1 CompilerThread2" daemon [_thread_blocked, id=103940, stack(0x000000001ea30000,0x000000001eb30000)]
=>0x000000001e244000 JavaThread "C2 CompilerThread1" daemon [_thread_in_native, id=100616, stack(0x000000001e930000,0x000000001ea30000)]
  0x000000001e241000 JavaThread "C2 CompilerThread0" daemon [_thread_in_native, id=101984, stack(0x000000001e830000,0x000000001e930000)]
  0x000000001e23d800 JavaThread "Attach Listener" daemon [_thread_blocked, id=56396, stack(0x000000001e730000,0x000000001e830000)]
  0x000000001c7bc000 JavaThread "Signal Dispatcher" daemon [_thread_blocked, id=96404, stack(0x000000001e630000,0x000000001e730000)]
  0x000000001c7ac800 JavaThread "Finalizer" daemon [_thread_blocked, id=15760, stack(0x000000001e030000,0x000000001e130000)]
  0x000000001c7a3000 JavaThread "Reference Handler" daemon [_thread_blocked, id=76840, stack(0x000000001df30000,0x000000001e030000)]
  0x0000000002d15000 JavaThread "main" [_thread_blocked, id=21824, stack(0x0000000002eb0000,0x0000000002fb0000)]

Other Threads:
  0x000000001c77d800 VMThread [stack: 0x000000001de30000,0x000000001df30000] [id=101196]
  0x000000001e382000 WatcherThread [stack: 0x000000001ec30000,0x000000001ed30000] [id=75104]

VM state:not at safepoint (normal execution)

VM Mutex/Monitor currently owned by a thread:  ([mutex/lock_event])
[0x0000000002d12f20] CodeCache_lock - owner thread: 0x000000001e24a000
[0x0000000002d132f0] Compile_lock - owner thread: 0x000000001e24a000
[0x0000000002d140f0] MethodCompileQueue_lock - owner thread: 0x000000001e24a000

heap address: 0x00000006c1e00000, size: 4066 MB, Compressed Oops mode: Zero based, Oop shift amount: 3
Narrow klass base: 0x0000000000000000, Narrow klass shift: 3
Compressed class space size: 1073741824 Address: 0x00000007c0000000

Heap:
 PSYoungGen      total 891392K, used 306918K [0x000000076b500000, 0x00000007a5100000, 0x00000007c0000000)
  eden space 856064K, 31% used [0x000000076b500000,0x000000077be41a10,0x000000079f900000)
  from space 35328K, 99% used [0x00000007a2100000,0x00000007a4378080,0x00000007a4380000)
  to   space 40960K, 0% used [0x000000079f900000,0x000000079f900000,0x00000007a2100000)
 ParOldGen       total 286720K, used 65950K [0x00000006c1e00000, 0x00000006d3600000, 0x000000076b500000)
  object space 286720K, 23% used [0x00000006c1e00000,0x00000006c5e67a38,0x00000006d3600000)
 Metaspace       used 97826K, capacity 103690K, committed 103936K, reserved 1138688K
  class space    used 13309K, capacity 14242K, committed 14336K, reserved 1048576K

Card table byte_map: [0x0000000012370000,0x0000000012b70000] byte_map_base: 0x000000000ed61000

Marking Bits: (ParMarkBitMap*) 0x00000000618aaf90
 Begin Bits: [0x00000000136c0000, 0x0000000017648000)
 End Bits:   [0x0000000017648000, 0x000000001b5d0000)

Polling page: 0x0000000001340000

CodeCache: size=245760Kb used=43707Kb max_used=44229Kb free=202052Kb
 bounds [0x0000000002fb0000, 0x0000000005b20000, 0x0000000011fb0000]
 total_blobs=12599 nmethods=11889 adapters=621
 compilation: enabled

Compilation events (10 events):
Event: 154.629 Thread 0x000000001e24a000 14614       3       org.springframework.transaction.support.DefaultTransactionStatus::hasTransaction (13 bytes)
Event: 154.629 Thread 0x000000001e24a000 nmethod 14614 0x0000000003dfb450 code [0x0000000003dfb5a0, 0x0000000003dfb750]
Event: 154.630 Thread 0x000000001e24a000 14616       3       java.util.Arrays::binarySearch0 (74 bytes)
Event: 154.630 Thread 0x000000001e24a000 nmethod 14616 0x0000000003f09210 code [0x0000000003f09380, 0x0000000003f09650]
Event: 154.630 Thread 0x000000001e24a000 14615       3       java.util.Arrays::binarySearch (9 bytes)
Event: 154.630 Thread 0x000000001e24a000 nmethod 14615 0x00000000040cc490 code [0x00000000040cc600, 0x00000000040cc788]
Event: 154.632 Thread 0x000000001e24a000 14617       1       org.hibernate.validator.internal.engine.ValidatorFactoryImpl$ValidatorFactoryScopedContext::getParameterNameProvider (5 bytes)
Event: 154.633 Thread 0x000000001e24a000 nmethod 14617 0x00000000046cc790 code [0x00000000046cc8e0, 0x00000000046cc9f0]
Event: 154.635 Thread 0x000000001e24a000 14618       3       org.h2.engine.User::hasRight (144 bytes)
Event: 154.637 Thread 0x000000001e24a000 nmethod 14618 0x00000000048d4550 code [0x00000000048d4760, 0x00000000048d5538]

GC Heap History (10 events):
Event: 65.918 GC heap before
{Heap before GC invocations=18 (full 4):
 PSYoungGen      total 595968K, used 11928K [0x000000076b500000, 0x0000000792600000, 0x00000007c0000000)
  eden space 583680K, 0% used [0x000000076b500000,0x000000076b500000,0x000000078ef00000)
  from space 12288K, 97% used [0x0000000791a00000,0x00000007925a6330,0x0000000792600000)
  to   space 25088K, 0% used [0x000000078f500000,0x000000078f500000,0x0000000790d80000)
 ParOldGen       total 212480K, used 70285K [0x00000006c1e00000, 0x00000006ced80000, 0x000000076b500000)
  object space 212480K, 33% used [0x00000006c1e00000,0x00000006c62a3510,0x00000006ced80000)
 Metaspace       used 93238K, capacity 98282K, committed 98380K, reserved 1134592K
  class space    used 12767K, capacity 13600K, committed 13696K, reserved 1048576K
Event: 66.128 GC heap after
Heap after GC invocations=18 (full 4):
 PSYoungGen      total 595968K, used 0K [0x000000076b500000, 0x0000000792600000, 0x00000007c0000000)
  eden space 583680K, 0% used [0x000000076b500000,0x000000076b500000,0x000000078ef00000)
  from space 12288K, 0% used [0x0000000791a00000,0x0000000791a00000,0x0000000792600000)
  to   space 25088K, 0% used [0x000000078f500000,0x000000078f500000,0x0000000790d80000)
 ParOldGen       total 286720K, used 54785K [0x00000006c1e00000, 0x00000006d3600000, 0x000000076b500000)
  object space 286720K, 19% used [0x00000006c1e00000,0x00000006c5380668,0x00000006d3600000)
 Metaspace       used 93238K, capacity 98282K, committed 98380K, reserved 1134592K
  class space    used 12767K, capacity 13600K, committed 13696K, reserved 1048576K
}
Event: 119.190 GC heap before
{Heap before GC invocations=19 (full 4):
 PSYoungGen      total 595968K, used 583680K [0x000000076b500000, 0x0000000792600000, 0x00000007c0000000)
  eden space 583680K, 100% used [0x000000076b500000,0x000000078ef00000,0x000000078ef00000)
  from space 12288K, 0% used [0x0000000791a00000,0x0000000791a00000,0x0000000792600000)
  to   space 25088K, 0% used [0x000000078f500000,0x000000078f500000,0x0000000790d80000)
 ParOldGen       total 286720K, used 54785K [0x00000006c1e00000, 0x00000006d3600000, 0x000000076b500000)
  object space 286720K, 19% used [0x00000006c1e00000,0x00000006c5380668,0x00000006d3600000)
 Metaspace       used 94226K, capacity 99558K, committed 99788K, reserved 1134592K
  class space    used 12881K, capacity 13742K, committed 13824K, reserved 1048576K
Event: 119.216 GC heap after
Heap after GC invocations=19 (full 4):
 PSYoungGen      total 614912K, used 23356K [0x000000076b500000, 0x000000079bc80000, 0x00000007c0000000)
  eden space 589824K, 0% used [0x000000076b500000,0x000000076b500000,0x000000078f500000)
  from space 25088K, 93% used [0x000000078f500000,0x0000000790bcf258,0x0000000790d80000)
  to   space 27648K, 0% used [0x000000079a180000,0x000000079a180000,0x000000079bc80000)
 ParOldGen       total 286720K, used 54793K [0x00000006c1e00000, 0x00000006d3600000, 0x000000076b500000)
  object space 286720K, 19% used [0x00000006c1e00000,0x00000006c5382668,0x00000006d3600000)
 Metaspace       used 94226K, capacity 99558K, committed 99788K, reserved 1134592K
  class space    used 12881K, capacity 13742K, committed 13824K, reserved 1048576K
}
Event: 121.671 GC heap before
{Heap before GC invocations=20 (full 4):
 PSYoungGen      total 614912K, used 613180K [0x000000076b500000, 0x000000079bc80000, 0x00000007c0000000)
  eden space 589824K, 100% used [0x000000076b500000,0x000000078f500000,0x000000078f500000)
  from space 25088K, 93% used [0x000000078f500000,0x0000000790bcf258,0x0000000790d80000)
  to   space 27648K, 0% used [0x000000079a180000,0x000000079a180000,0x000000079bc80000)
 ParOldGen       total 286720K, used 54793K [0x00000006c1e00000, 0x00000006d3600000, 0x000000076b500000)
  object space 286720K, 19% used [0x00000006c1e00000,0x00000006c5382668,0x00000006d3600000)
 Metaspace       used 94450K, capacity 99998K, committed 100096K, reserved 1136640K
  class space    used 12910K, capacity 13792K, committed 13824K, reserved 1048576K
Event: 121.721 GC heap after
Heap after GC invocations=20 (full 4):
 PSYoungGen      total 762368K, used 27616K [0x000000076b500000, 0x000000079dc00000, 0x00000007c0000000)
  eden space 734720K, 0% used [0x000000076b500000,0x000000076b500000,0x0000000798280000)
  from space 27648K, 99% used [0x000000079a180000,0x000000079bc78040,0x000000079bc80000)
  to   space 31744K, 0% used [0x0000000798280000,0x0000000798280000,0x000000079a180000)
 ParOldGen       total 286720K, used 55875K [0x00000006c1e00000, 0x00000006d3600000, 0x000000076b500000)
  object space 286720K, 19% used [0x00000006c1e00000,0x00000006c5490d70,0x00000006d3600000)
 Metaspace       used 94450K, capacity 99998K, committed 100096K, reserved 1136640K
  class space    used 12910K, capacity 13792K, committed 13824K, reserved 1048576K
}
Event: 149.343 GC heap before
{Heap before GC invocations=21 (full 4):
 PSYoungGen      total 762368K, used 762336K [0x000000076b500000, 0x000000079dc00000, 0x00000007c0000000)
  eden space 734720K, 100% used [0x000000076b500000,0x0000000798280000,0x0000000798280000)
  from space 27648K, 99% used [0x000000079a180000,0x000000079bc78040,0x000000079bc80000)
  to   space 31744K, 0% used [0x0000000798280000,0x0000000798280000,0x000000079a180000)
 ParOldGen       total 286720K, used 55875K [0x00000006c1e00000, 0x00000006d3600000, 0x000000076b500000)
  object space 286720K, 19% used [0x00000006c1e00000,0x00000006c5490d70,0x00000006d3600000)
 Metaspace       used 95286K, capacity 101054K, committed 101248K, reserved 1136640K
  class space    used 12949K, capacity 13882K, committed 13952K, reserved 1048576K
Event: 149.412 GC heap after
Heap after GC invocations=21 (full 4):
 PSYoungGen      total 766464K, used 29382K [0x000000076b500000, 0x00000007a4380000, 0x00000007c0000000)
  eden space 734720K, 0% used [0x000000076b500000,0x000000076b500000,0x0000000798280000)
  from space 31744K, 92% used [0x0000000798280000,0x0000000799f31b80,0x000000079a180000)
  to   space 35328K, 0% used [0x00000007a2100000,0x00000007a2100000,0x00000007a4380000)
 ParOldGen       total 286720K, used 63628K [0x00000006c1e00000, 0x00000006d3600000, 0x000000076b500000)
  object space 286720K, 22% used [0x00000006c1e00000,0x00000006c5c23098,0x00000006d3600000)
 Metaspace       used 95286K, capacity 101054K, committed 101248K, reserved 1136640K
  class space    used 12949K, capacity 13882K, committed 13952K, reserved 1048576K
}
Event: 152.589 GC heap before
{Heap before GC invocations=22 (full 4):
 PSYoungGen      total 766464K, used 764102K [0x000000076b500000, 0x00000007a4380000, 0x00000007c0000000)
  eden space 734720K, 100% used [0x000000076b500000,0x0000000798280000,0x0000000798280000)
  from space 31744K, 92% used [0x0000000798280000,0x0000000799f31b80,0x000000079a180000)
  to   space 35328K, 0% used [0x00000007a2100000,0x00000007a2100000,0x00000007a4380000)
 ParOldGen       total 286720K, used 63628K [0x00000006c1e00000, 0x00000006d3600000, 0x000000076b500000)
  object space 286720K, 22% used [0x00000006c1e00000,0x00000006c5c23098,0x00000006d3600000)
 Metaspace       used 95357K, capacity 101102K, committed 101248K, reserved 1136640K
  class space    used 12956K, capacity 13890K, committed 13952K, reserved 1048576K
Event: 152.628 GC heap after
Heap after GC invocations=22 (full 4):
 PSYoungGen      total 891392K, used 35296K [0x000000076b500000, 0x00000007a5100000, 0x00000007c0000000)
  eden space 856064K, 0% used [0x000000076b500000,0x000000076b500000,0x000000079f900000)
  from space 35328K, 99% used [0x00000007a2100000,0x00000007a4378080,0x00000007a4380000)
  to   space 40960K, 0% used [0x000000079f900000,0x000000079f900000,0x00000007a2100000)
 ParOldGen       total 286720K, used 65950K [0x00000006c1e00000, 0x00000006d3600000, 0x000000076b500000)
  object space 286720K, 23% used [0x00000006c1e00000,0x00000006c5e67a38,0x00000006d3600000)
 Metaspace       used 95357K, capacity 101102K, committed 101248K, reserved 1136640K
  class space    used 12956K, capacity 13890K, committed 13952K, reserved 1048576K
}

Deoptimization events (10 events):
Event: 154.395 Thread 0x0000000002d15000 Uncommon trap: reason=bimorphic action=maybe_recompile pc=0x00000000043c5e24 method=org.hibernate.validator.internal.metadata.aggregated.ExecutableMetaData$Builder.accepts(Lorg/hibernate/validator/internal/metadata/raw/ConstrainedElement;)Z @ 5
Event: 154.395 Thread 0x0000000002d15000 Uncommon trap: reason=bimorphic action=maybe_recompile pc=0x00000000043c3d50 method=org.hibernate.validator.internal.metadata.aggregated.ExecutableMetaData$Builder.accepts(Lorg/hibernate/validator/internal/metadata/raw/ConstrainedElement;)Z @ 5
Event: 154.395 Thread 0x0000000002d15000 Uncommon trap: reason=null_assert action=make_not_entrant pc=0x000000000391e2f0 method=org.hibernate.validator.internal.metadata.aggregated.BeanMetaDataImpl$BuilderDelegate.<init>(Ljava/lang/Class;Lorg/hibernate/validator/internal/metadata/raw/Constrained
Event: 154.475 Thread 0x0000000002d15000 Uncommon trap: reason=class_check action=maybe_recompile pc=0x000000000332d828 method=java.io.DataInputStream.readUnsignedShort()I @ 4
Event: 154.475 Thread 0x0000000002d15000 Uncommon trap: reason=class_check action=maybe_recompile pc=0x000000000336b46c method=java.io.DataInputStream.readUnsignedShort()I @ 4
Event: 154.475 Thread 0x0000000002d15000 Uncommon trap: reason=class_check action=maybe_recompile pc=0x000000000336b46c method=java.io.DataInputStream.readUnsignedShort()I @ 4
Event: 154.475 Thread 0x0000000002d15000 Uncommon trap: reason=class_check action=maybe_recompile pc=0x000000000336b46c method=java.io.DataInputStream.readUnsignedShort()I @ 4
Event: 154.475 Thread 0x0000000002d15000 Uncommon trap: reason=class_check action=maybe_recompile pc=0x000000000332d828 method=java.io.DataInputStream.readUnsignedShort()I @ 4
Event: 154.488 Thread 0x0000000002d15000 Uncommon trap: reason=bimorphic action=maybe_recompile pc=0x00000000058e9c20 method=java.io.DataInputStream.readInt()I @ 4
Event: 154.630 Thread 0x0000000002d15000 Uncommon trap: reason=unstable_if action=reinterpret pc=0x00000000050b33b8 method=java.lang.Integer.parseInt(Ljava/lang/String;I)I @ 108

Classes redefined (0 events):
No events

Internal exceptions (10 events):
Event: 154.368 Thread 0x000000002497f800 Exception <a 'java/net/SocketException': Socket closed> (0x000000077aba7348) thrown at [C:\jenkins\workspace\8-2-build-windows-amd64-cygwin\jdk8u251\737\hotspot\src\share\vm\prims\jni.cpp, line 736]
Event: 154.372 Thread 0x0000000002d15000 Exception <a 'java/security/PrivilegedActionException'> (0x0000000779cfe6c0) thrown at [C:\jenkins\workspace\8-2-build-windows-amd64-cygwin\jdk8u251\737\hotspot\src\share\vm\prims\jvm.cpp, line 1502]
Event: 154.372 Thread 0x0000000002d15000 Exception <a 'java/security/PrivilegedActionException'> (0x0000000779cfeca0) thrown at [C:\jenkins\workspace\8-2-build-windows-amd64-cygwin\jdk8u251\737\hotspot\src\share\vm\prims\jvm.cpp, line 1502]
Event: 154.372 Thread 0x0000000002d15000 Exception <a 'java/security/PrivilegedActionException'> (0x0000000779d0e8d0) thrown at [C:\jenkins\workspace\8-2-build-windows-amd64-cygwin\jdk8u251\737\hotspot\src\share\vm\prims\jvm.cpp, line 1502]
Event: 154.372 Thread 0x0000000002d15000 Exception <a 'java/security/PrivilegedActionException'> (0x0000000779d0eeb0) thrown at [C:\jenkins\workspace\8-2-build-windows-amd64-cygwin\jdk8u251\737\hotspot\src\share\vm\prims\jvm.cpp, line 1502]
Event: 154.539 Thread 0x0000000002d15000 Exception <a 'java/lang/ClassNotFoundException': com/viettel/arpu/service/sftp/form/CustomerFormBeanInfo> (0x000000077a983760) thrown at [C:\jenkins\workspace\8-2-build-windows-amd64-cygwin\jdk8u251\737\hotspot\src\share\vm\classfile\systemDictionary.cpp,
Event: 154.539 Thread 0x0000000002d15000 Exception <a 'java/lang/ClassNotFoundException': com/viettel/arpu/service/sftp/form/CustomerFormCustomizer> (0x000000077a9b99c8) thrown at [C:\jenkins\workspace\8-2-build-windows-amd64-cygwin\jdk8u251\737\hotspot\src\share\vm\classfile\systemDictionary.cp
Event: 154.561 Thread 0x0000000002d15000 Exception <a 'java/lang/ClassNotFoundException': java/lang/ObjectCustomizer> (0x000000077ae13798) thrown at [C:\jenkins\workspace\8-2-build-windows-amd64-cygwin\jdk8u251\737\hotspot\src\share\vm\classfile\systemDictionary.cpp, line 210]
Event: 154.562 Thread 0x0000000002d15000 Exception <a 'java/lang/ClassNotFoundException': com/viettel/arpu/model/entity/AbstractAuditingEntityCustomizer> (0x000000077ae52528) thrown at [C:\jenkins\workspace\8-2-build-windows-amd64-cygwin\jdk8u251\737\hotspot\src\share\vm\classfile\systemDictiona
Event: 154.562 Thread 0x0000000002d15000 Exception <a 'java/lang/ClassNotFoundException': com/viettel/arpu/model/entity/SyncAuditLogCustomizer> (0x000000077ae8d158) thrown at [C:\jenkins\workspace\8-2-build-windows-amd64-cygwin\jdk8u251\737\hotspot\src\share\vm\classfile\systemDictionary.cpp, li

Events (10 events):
Event: 154.579 Thread 0x000000001e24a000 flushing nmethod 0x00000000051007d0
Event: 154.579 Thread 0x000000001e24a000 flushing nmethod 0x00000000051a57d0
Event: 154.579 Thread 0x000000001e24a000 flushing nmethod 0x000000000524b7d0
Event: 154.580 Thread 0x000000001e24a000 flushing nmethod 0x00000000053f6850
Event: 154.580 Thread 0x000000001e24a000 flushing nmethod 0x000000000541bd10
Event: 154.581 Thread 0x000000001e24a000 flushing nmethod 0x000000000564f890
Event: 154.583 Thread 0x000000001e24a000 flushing nmethod 0x000000000566f250
Event: 154.630 Thread 0x0000000002d15000 Uncommon trap: trap_request=0xffffff65 fr.pc=0x00000000050b33b8
Event: 154.630 Thread 0x0000000002d15000 DEOPT PACKING pc=0x00000000050b33b8 sp=0x0000000002facc00
Event: 154.630 Thread 0x0000000002d15000 DEOPT UNPACKING pc=0x0000000002ff583b sp=0x0000000002facb88 mode 2


Dynamic libraries:
0x00007ff6a5200000 - 0x00007ff6a5237000 	C:\Program Files\Java\jdk1.8.0_251\jre\bin\java.exe
0x00007ffad7300000 - 0x00007ffad74f0000 	C:\Windows\SYSTEM32\ntdll.dll
0x00007ffad5a90000 - 0x00007ffad5b42000 	C:\Windows\System32\KERNEL32.DLL
0x00007ffad4c10000 - 0x00007ffad4eb4000 	C:\Windows\System32\KERNELBASE.dll
0x0000000062180000 - 0x0000000062213000 	C:\Windows\System32\SYSFER.DLL
0x00007ffad6c90000 - 0x00007ffad6d33000 	C:\Windows\System32\ADVAPI32.dll
0x00007ffad5ca0000 - 0x00007ffad5d3e000 	C:\Windows\System32\msvcrt.dll
0x00007ffad68a0000 - 0x00007ffad6937000 	C:\Windows\System32\sechost.dll
0x00007ffad6a10000 - 0x00007ffad6b30000 	C:\Windows\System32\RPCRT4.dll
0x00007ffad6d60000 - 0x00007ffad6ef4000 	C:\Windows\System32\USER32.dll
0x00007ffad4ef0000 - 0x00007ffad4f11000 	C:\Windows\System32\win32u.dll
0x00007ffad5d40000 - 0x00007ffad5d66000 	C:\Windows\System32\GDI32.dll
0x00007ffad5210000 - 0x00007ffad53a5000 	C:\Windows\System32\gdi32full.dll
0x00007ffad5120000 - 0x00007ffad51be000 	C:\Windows\System32\msvcp_win.dll
0x00007ffad4f20000 - 0x00007ffad501a000 	C:\Windows\System32\ucrtbase.dll
0x00007ffac1570000 - 0x00007ffac17f4000 	C:\Windows\WinSxS\amd64_microsoft.windows.common-controls_6595b64144ccf1df_6.0.18362.900_none_e6beb9d913147d17\COMCTL32.dll
0x00007ffad64e0000 - 0x00007ffad6815000 	C:\Windows\System32\combase.dll
0x00007ffad5080000 - 0x00007ffad5100000 	C:\Windows\System32\bcryptPrimitives.dll
0x00007ffad7110000 - 0x00007ffad713e000 	C:\Windows\System32\IMM32.DLL
0x0000000061930000 - 0x0000000061a02000 	C:\Program Files\Java\jdk1.8.0_251\jre\bin\msvcr100.dll
0x0000000061080000 - 0x000000006192b000 	C:\Program Files\Java\jdk1.8.0_251\jre\bin\server\jvm.dll
0x00007ffad6820000 - 0x00007ffad6828000 	C:\Windows\System32\PSAPI.DLL
0x00007ffab9050000 - 0x00007ffab9059000 	C:\Windows\SYSTEM32\WSOCK32.dll
0x00007ffad6940000 - 0x00007ffad69af000 	C:\Windows\System32\WS2_32.dll
0x00007ffad20e0000 - 0x00007ffad2104000 	C:\Windows\SYSTEM32\WINMM.dll
0x00007ffacf960000 - 0x00007ffacf96a000 	C:\Windows\SYSTEM32\VERSION.dll
0x00007ffad20b0000 - 0x00007ffad20dd000 	C:\Windows\SYSTEM32\WINMMBASE.dll
0x00007ffad51c0000 - 0x00007ffad520a000 	C:\Windows\System32\cfgmgr32.dll
0x00007ffad0cd0000 - 0x00007ffad0cdf000 	C:\Program Files\Java\jdk1.8.0_251\jre\bin\verify.dll
0x00007ffac4ff0000 - 0x00007ffac5019000 	C:\Program Files\Java\jdk1.8.0_251\jre\bin\java.dll
0x00007ffaae2a0000 - 0x00007ffaae2b6000 	C:\Program Files\Java\jdk1.8.0_251\jre\bin\zip.dll
0x00007ffad5d70000 - 0x00007ffad6456000 	C:\Windows\System32\SHELL32.dll
0x00007ffad5830000 - 0x00007ffad58d9000 	C:\Windows\System32\shcore.dll
0x00007ffad43e0000 - 0x00007ffad4b60000 	C:\Windows\System32\windows.storage.dll
0x00007ffad41d0000 - 0x00007ffad41f3000 	C:\Windows\System32\profapi.dll
0x00007ffad4200000 - 0x00007ffad424a000 	C:\Windows\System32\powrprof.dll
0x00007ffad41c0000 - 0x00007ffad41d0000 	C:\Windows\System32\UMPDC.dll
0x00007ffad6840000 - 0x00007ffad6892000 	C:\Windows\System32\shlwapi.dll
0x00007ffad4270000 - 0x00007ffad4281000 	C:\Windows\System32\kernel.appcore.dll
0x00007ffad5100000 - 0x00007ffad5117000 	C:\Windows\System32\cryptsp.dll
0x00007ffac4fe0000 - 0x00007ffac4fed000 	C:\Program Files\Java\jdk1.8.0_251\jre\bin\management.dll
0x00007ffaadf10000 - 0x00007ffaadf2a000 	C:\Program Files\Java\jdk1.8.0_251\jre\bin\net.dll
0x00007ffad3980000 - 0x00007ffad39e7000 	C:\Windows\system32\mswsock.dll
0x00007ffac1970000 - 0x00007ffac1986000 	C:\Windows\system32\napinsp.dll
0x00007ffac1210000 - 0x00007ffac122a000 	C:\Windows\system32\pnrpnsp.dll
0x00007ffad36f0000 - 0x00007ffad37bb000 	C:\Windows\SYSTEM32\DNSAPI.dll
0x00007ffad53b0000 - 0x00007ffad53b8000 	C:\Windows\System32\NSI.dll
0x00007ffad36a0000 - 0x00007ffad36da000 	C:\Windows\SYSTEM32\IPHLPAPI.DLL
0x00007ffac1ef0000 - 0x00007ffac1efe000 	C:\Windows\System32\winrnr.dll
0x00007ffad0a10000 - 0x00007ffad0a2c000 	C:\Windows\system32\NLAapi.dll
0x00007ffac05f0000 - 0x00007ffac0605000 	C:\Windows\system32\wshbth.dll
0x00007ffacdf80000 - 0x00007ffacdf8a000 	C:\Windows\System32\rasadhlp.dll
0x00007fface4f0000 - 0x00007fface567000 	C:\Windows\System32\fwpuclnt.dll
0x00007ffad4ec0000 - 0x00007ffad4ee6000 	C:\Windows\System32\bcrypt.dll
0x00007ffaac2f0000 - 0x00007ffaac302000 	C:\Program Files\Java\jdk1.8.0_251\jre\bin\nio.dll
0x00007ffad3500000 - 0x00007ffad3533000 	C:\Windows\system32\rsaenh.dll
0x00007ffad40e0000 - 0x00007ffad4105000 	C:\Windows\SYSTEM32\USERENV.dll
0x00007ffad3b00000 - 0x00007ffad3b0c000 	C:\Windows\SYSTEM32\CRYPTBASE.dll
0x00007ffacecc0000 - 0x00007ffacecd6000 	C:\Windows\SYSTEM32\dhcpcsvc6.DLL
0x00007ffacec70000 - 0x00007ffacec8c000 	C:\Windows\SYSTEM32\dhcpcsvc.DLL
0x00007ffab3430000 - 0x00007ffab3454000 	C:\Program Files\Java\jdk1.8.0_251\jre\bin\sunec.dll

VM Arguments:
jvm_args: -Dfile.encoding=UTF-8 
java_command: org.apache.maven.surefire.booter.ForkedBooter C:\Users\User\AppData\Local\Temp\surefire4572403926291076686 2020-06-29T18-40-38_480-jvmRun3 surefire4167388201799689549tmp surefire_23462070737266788014tmp
java_class_path (initial): C:\Users\User\.m2\repository\org\apache\maven\surefire\surefire-booter\3.0.0-M5\surefire-booter-3.0.0-M5.jar;C:\Users\User\.m2\repository\org\apache\maven\surefire\surefire-api\3.0.0-M5\surefire-api-3.0.0-M5.jar;C:\Users\User\.m2\repository\org\apache\maven\surefire\surefire-logger-api\3.0.0-M5\surefire-logger-api-3.0.0-M5.jar;C:\Users\User\.m2\repository\org\apache\maven\surefire\surefire-shared-utils\3.0.0-M4\surefire-shared-utils-3.0.0-M4.jar;C:\Users\User\.m2\repository\org\apache\maven\surefire\surefire-extensions-spi\3.0.0-M5\surefire-extensions-spi-3.0.0-M5.jar;D:\huylv2\projects\arpu\arpu-be\target\test-classes;D:\huylv2\projects\arpu\arpu-be\target\classes;C:\Users\User\.m2\repository\org\springframework\spring-aspects\5.1.5.RELEASE\spring-aspects-5.1.5.RELEASE.jar;C:\Users\User\.m2\repository\org\aspectj\aspectjweaver\1.9.2\aspectjweaver-1.9.2.jar;C:\Users\User\.m2\repository\org\springframework\retry\spring-retry\1.2.4.RELEASE\spring-retry-1.2.4.RELEASE.jar;C:\Users\User\.m2\repository\org\springframework\spring-core\5.1.5.RELEASE\spring-core-5.1.5.RELEASE.jar;C:\Users\User\.m2\repository\org\springframework\spring-jcl\5.1.5.RELEASE\spring-jcl-5.1.5.RELEASE.jar;C:\Users\User\.m2\repository\org\modelmapper\modelmapper\2.3.5\modelmapper-2.3.5.jar;C:\Users\User\.m2\repository\org\springframework\boot\spring-boot-starter-web\2.0.4.RELEASE\spring-boot-starter-web-2.0.4.RELEASE.jar;C:\Users\User\.m2\repository\org\springframework\boot\spring-boot-starter\2.1.3.RELEASE\spring-boot-starter-2.1.3.RELEASE.jar;C:\Users\User\.m2\repository\org\springframework\boot\spring-boot\2.1.3.RELEASE\spring-boot-2.1.3.RELEASE.jar;C:\Users\User\.m2\repository\org\springframework\boot\spring-boot-autoconfigure\2.1.3.RELEASE\spring-boot-autoconfigure-2.1.3.RELEASE.jar;C:\Users\User\.m2\repository\javax\annotation\javax.annotation-api\1.3.2\javax.annotation-api-1.3.2.jar;C:\Users\User\.m2\repository\org\yaml\snakeyaml\1.23\snakeyaml-1.23.jar;C:\Users\Us
Launcher Type: SUN_STANDARD

Environment Variables:
JAVA_HOME=C:\Program Files\Java\jdk1.8.0_251
PATH=D:\huylv2\tools\Cmder\bin;D:\huylv2\tools\Cmder\vendor\bin;D:\huylv2\tools\Cmder\vendor\conemu-maximus5\ConEmu\Scripts;D:\huylv2\tools\Cmder\vendor\conemu-maximus5;D:\huylv2\tools\Cmder\vendor\conemu-maximus5\ConEmu;C:\Python38\Scripts\;C:\Python38\;C:\Program Files (x86)\Common Files\Oracle\Java\javapath;C:\Program Files (x86)\Intel\Intel(R) Management Engine Components\iCLS\;C:\Program Files\Intel\Intel(R) Management Engine Components\iCLS\;C:\Windows\system32;C:\Windows;C:\Windows\System32\Wbem;C:\Windows\System32\WindowsPowerShell\v1.0\;C:\Windows\System32\OpenSSH\;C:\Program Files (x86)\Intel\Intel(R) Management Engine Components\DAL;C:\Program Files\Intel\Intel(R) Management Engine Components\DAL;C:\Program Files (x86)\Intel\Intel(R) Management Engine Components\IPT;C:\Program Files\Intel\Intel(R) Management Engine Components\IPT;C:\Program Files\nodejs\;C:\ProgramData\chocolatey\bin;C:\Program Files\Microsoft VS Code\bin;C:\Program Files (x86)\sbt\bin;C:\Program Files (x86)\scala\bin;C:\Program Files (x86)\Yarn\bin\;C:\Program Files\Git\cmd;C:\Program Files (x86)\OpenSSH\bin;C:\Program Files\PuTTY\;C:\Program Files\Docker\Docker\resources\bin;C:\ProgramData\DockerDesktop\version-bin;C:\Users\User\AppData\Local\Microsoft\WindowsApps;C:\Program Files\JetBrains\IntelliJ IDEA Community Edition 2020.1\bin;C:\Users\User\AppData\Roaming\npm;C:\Users\User\AppData\Local\Yarn\bin;D:\huylv2\apache-maven-3.6.3\bin;C:\Program Files\Java\jdk1.8.0_251\bin;C:\Program Files\Git\mingw64\bin;C:\Program Files\Git\usr\bin;D:\huylv2\tools\Cmder;D:\huylv2\tools\Cmder\vendor\git-for-windows\cmd;D:\huylv2\tools\Cmder\vendor\git-for-windows\mingw64\bin;D:\huylv2\tools\Cmder\vendor\git-for-windows\usr\bin
USERNAME=huylv2
OS=Windows_NT
PROCESSOR_IDENTIFIER=Intel64 Family 6 Model 158 Stepping 13, GenuineIntel



---------------  S Y S T E M  ---------------

OS: Windows 10.0 , 64 bit Build 18362 (10.0.18362.900)

CPU:total 6 (initial active 6) (6 cores per cpu, 1 threads per core) family 6 model 158 stepping 13, cmov, cx8, fxsr, mmx, sse, sse2, sse3, ssse3, sse4.1, sse4.2, popcnt, avx, avx2, aes, clmul, erms, 3dnowpref, lzcnt, tsc, tscinvbit, bmi1, bmi2, adx

Memory: 4k page, physical 16646388k(498988k free), swap 32006256k(3636k free)

vm_info: Java HotSpot(TM) 64-Bit Server VM (25.251-b08) for windows-amd64 JRE (1.8.0_251-b08), built on Mar 12 2020 06:31:49 by "" with MS VC++ 10.0 (VS2010)

time: Mon Jun 29 18:43:14 2020
timezone: SE Asia Standard Time
elapsed time: 154 seconds (0d 0h 2m 34s)

